This is pdfTeX, Version 3.14159265-2.6-1.40.18 (TeX Live 2017) (preloaded format=pdflatex 2018.1.8)  19 AUG 2018 10:27
entering extended mode
 restricted \write18 enabled.
 file:line:error style messages enabled.
 %&-line parsing enabled.
**research_project_proposal_ej301.tex
(./research_project_proposal_ej301.tex
LaTeX2e <2017-04-15>
Babel <3.10> and hyphenation patterns for 84 language(s) loaded.
(/usr/local/texlive/2017/texmf-dist/tex/latex/base/report.cls
Document Class: report 2014/09/29 v1.4h Standard LaTeX document class
(/usr/local/texlive/2017/texmf-dist/tex/latex/base/size11.clo
File: size11.clo 2014/09/29 v1.4h Standard LaTeX file (size option)
)
\c@part=\count79
\c@chapter=\count80
\c@section=\count81
\c@subsection=\count82
\c@subsubsection=\count83
\c@paragraph=\count84
\c@subparagraph=\count85
\c@figure=\count86
\c@table=\count87
\abovecaptionskip=\skip41
\belowcaptionskip=\skip42
\bibindent=\dimen102
)
(./baththesis.sty
Package: baththesis 

(/usr/local/texlive/2017/texmf-dist/tex/latex/setspace/setspace.sty
Package: setspace 2011/12/19 v6.7a set line spacing
))
(/usr/local/texlive/2017/texmf-dist/tex/latex/amsfonts/amssymb.sty
Package: amssymb 2013/01/14 v3.01 AMS font symbols

(/usr/local/texlive/2017/texmf-dist/tex/latex/amsfonts/amsfonts.sty
Package: amsfonts 2013/01/14 v3.01 Basic AMSFonts support
\@emptytoks=\toks14
\symAMSa=\mathgroup4
\symAMSb=\mathgroup5
LaTeX Font Info:    Overwriting math alphabet `\mathfrak' in version `bold'
(Font)                  U/euf/m/n --> U/euf/b/n on input line 106.
))
(/usr/local/texlive/2017/texmf-dist/tex/latex/amsmath/amsmath.sty
Package: amsmath 2016/11/05 v2.16a AMS math features
\@mathmargin=\skip43

For additional information on amsmath, use the `?' option.
(/usr/local/texlive/2017/texmf-dist/tex/latex/amsmath/amstext.sty
Package: amstext 2000/06/29 v2.01 AMS text

(/usr/local/texlive/2017/texmf-dist/tex/latex/amsmath/amsgen.sty
File: amsgen.sty 1999/11/30 v2.0 generic functions
\@emptytoks=\toks15
\ex@=\dimen103
))
(/usr/local/texlive/2017/texmf-dist/tex/latex/amsmath/amsbsy.sty
Package: amsbsy 1999/11/29 v1.2d Bold Symbols
\pmbraise@=\dimen104
)
(/usr/local/texlive/2017/texmf-dist/tex/latex/amsmath/amsopn.sty
Package: amsopn 2016/03/08 v2.02 operator names
)
\inf@bad=\count88
LaTeX Info: Redefining \frac on input line 213.
\uproot@=\count89
\leftroot@=\count90
LaTeX Info: Redefining \overline on input line 375.
\classnum@=\count91
\DOTSCASE@=\count92
LaTeX Info: Redefining \ldots on input line 472.
LaTeX Info: Redefining \dots on input line 475.
LaTeX Info: Redefining \cdots on input line 596.
\Mathstrutbox@=\box26
\strutbox@=\box27
\big@size=\dimen105
LaTeX Font Info:    Redeclaring font encoding OML on input line 712.
LaTeX Font Info:    Redeclaring font encoding OMS on input line 713.
\macc@depth=\count93
\c@MaxMatrixCols=\count94
\dotsspace@=\muskip10
\c@parentequation=\count95
\dspbrk@lvl=\count96
\tag@help=\toks16
\row@=\count97
\column@=\count98
\maxfields@=\count99
\andhelp@=\toks17
\eqnshift@=\dimen106
\alignsep@=\dimen107
\tagshift@=\dimen108
\tagwidth@=\dimen109
\totwidth@=\dimen110
\lineht@=\dimen111
\@envbody=\toks18
\multlinegap=\skip44
\multlinetaggap=\skip45
\mathdisplay@stack=\toks19
LaTeX Info: Redefining \[ on input line 2817.
LaTeX Info: Redefining \] on input line 2818.
)
(/usr/local/texlive/2017/texmf-dist/tex/latex/hyperref/hyperref.sty
Package: hyperref 2017/03/14 v6.85a Hypertext links for LaTeX

(/usr/local/texlive/2017/texmf-dist/tex/generic/oberdiek/hobsub-hyperref.sty
Package: hobsub-hyperref 2016/05/16 v1.14 Bundle oberdiek, subset hyperref (HO)


(/usr/local/texlive/2017/texmf-dist/tex/generic/oberdiek/hobsub-generic.sty
Package: hobsub-generic 2016/05/16 v1.14 Bundle oberdiek, subset generic (HO)
Package: hobsub 2016/05/16 v1.14 Construct package bundles (HO)
Package: infwarerr 2016/05/16 v1.4 Providing info/warning/error messages (HO)
Package: ltxcmds 2016/05/16 v1.23 LaTeX kernel commands for general use (HO)
Package: ifluatex 2016/05/16 v1.4 Provides the ifluatex switch (HO)
Package ifluatex Info: LuaTeX not detected.
Package: ifvtex 2016/05/16 v1.6 Detect VTeX and its facilities (HO)
Package ifvtex Info: VTeX not detected.
Package: intcalc 2016/05/16 v1.2 Expandable calculations with integers (HO)
Package: ifpdf 2017/03/15 v3.2 Provides the ifpdf switch
Package: etexcmds 2016/05/16 v1.6 Avoid name clashes with e-TeX commands (HO)
Package etexcmds Info: Could not find \expanded.
(etexcmds)             That can mean that you are not using pdfTeX 1.50 or
(etexcmds)             that some package has redefined \expanded.
(etexcmds)             In the latter case, load this package earlier.
Package: kvsetkeys 2016/05/16 v1.17 Key value parser (HO)
Package: kvdefinekeys 2016/05/16 v1.4 Define keys (HO)
Package: pdftexcmds 2017/03/19 v0.25 Utility functions of pdfTeX for LuaTeX (HO
)
Package pdftexcmds Info: LuaTeX not detected.
Package pdftexcmds Info: \pdf@primitive is available.
Package pdftexcmds Info: \pdf@ifprimitive is available.
Package pdftexcmds Info: \pdfdraftmode found.
Package: pdfescape 2016/05/16 v1.14 Implements pdfTeX's escape features (HO)
Package: bigintcalc 2016/05/16 v1.4 Expandable calculations on big integers (HO
)
Package: bitset 2016/05/16 v1.2 Handle bit-vector datatype (HO)
Package: uniquecounter 2016/05/16 v1.3 Provide unlimited unique counter (HO)
)
Package hobsub Info: Skipping package `hobsub' (already loaded).
Package: letltxmacro 2016/05/16 v1.5 Let assignment for LaTeX macros (HO)
Package: hopatch 2016/05/16 v1.3 Wrapper for package hooks (HO)
Package: xcolor-patch 2016/05/16 xcolor patch
Package: atveryend 2016/05/16 v1.9 Hooks at the very end of document (HO)
Package atveryend Info: \enddocument detected (standard20110627).
Package: atbegshi 2016/06/09 v1.18 At begin shipout hook (HO)
Package: refcount 2016/05/16 v3.5 Data extraction from label references (HO)
Package: hycolor 2016/05/16 v1.8 Color options for hyperref/bookmark (HO)
)
(/usr/local/texlive/2017/texmf-dist/tex/latex/graphics/keyval.sty
Package: keyval 2014/10/28 v1.15 key=value parser (DPC)
\KV@toks@=\toks20
)
(/usr/local/texlive/2017/texmf-dist/tex/generic/ifxetex/ifxetex.sty
Package: ifxetex 2010/09/12 v0.6 Provides ifxetex conditional
)
(/usr/local/texlive/2017/texmf-dist/tex/latex/oberdiek/auxhook.sty
Package: auxhook 2016/05/16 v1.4 Hooks for auxiliary files (HO)
)
(/usr/local/texlive/2017/texmf-dist/tex/latex/oberdiek/kvoptions.sty
Package: kvoptions 2016/05/16 v3.12 Key value format for package options (HO)
)
\@linkdim=\dimen112
\Hy@linkcounter=\count100
\Hy@pagecounter=\count101

(/usr/local/texlive/2017/texmf-dist/tex/latex/hyperref/pd1enc.def
File: pd1enc.def 2017/03/14 v6.85a Hyperref: PDFDocEncoding definition (HO)
)
\Hy@SavedSpaceFactor=\count102

(/usr/local/texlive/2017/texmf-dist/tex/latex/latexconfig/hyperref.cfg
File: hyperref.cfg 2002/06/06 v1.2 hyperref configuration of TeXLive
)
Package hyperref Info: Option `colorlinks' set `true' on input line 4374.
Package hyperref Info: Hyper figures OFF on input line 4498.
Package hyperref Info: Link nesting OFF on input line 4503.
Package hyperref Info: Hyper index ON on input line 4506.
Package hyperref Info: Plain pages OFF on input line 4513.
Package hyperref Info: Backreferencing OFF on input line 4518.
Package hyperref Info: Implicit mode ON; LaTeX internals redefined.
Package hyperref Info: Bookmarks ON on input line 4751.
\c@Hy@tempcnt=\count103

(/usr/local/texlive/2017/texmf-dist/tex/latex/url/url.sty
\Urlmuskip=\muskip11
Package: url 2013/09/16  ver 3.4  Verb mode for urls, etc.
)
LaTeX Info: Redefining \url on input line 5104.
\XeTeXLinkMargin=\dimen113
\Fld@menulength=\count104
\Field@Width=\dimen114
\Fld@charsize=\dimen115
Package hyperref Info: Hyper figures OFF on input line 6358.
Package hyperref Info: Link nesting OFF on input line 6363.
Package hyperref Info: Hyper index ON on input line 6366.
Package hyperref Info: backreferencing OFF on input line 6373.
Package hyperref Info: Link coloring ON on input line 6376.
Package hyperref Info: Link coloring with OCG OFF on input line 6383.
Package hyperref Info: PDF/A mode OFF on input line 6388.
LaTeX Info: Redefining \ref on input line 6428.
LaTeX Info: Redefining \pageref on input line 6432.
\Hy@abspage=\count105
\c@Item=\count106
\c@Hfootnote=\count107
)

Package hyperref Message: Driver (autodetected): hpdftex.

(/usr/local/texlive/2017/texmf-dist/tex/latex/hyperref/hpdftex.def
File: hpdftex.def 2017/03/14 v6.85a Hyperref driver for pdfTeX
\Fld@listcount=\count108
\c@bookmark@seq@number=\count109

(/usr/local/texlive/2017/texmf-dist/tex/latex/oberdiek/rerunfilecheck.sty
Package: rerunfilecheck 2016/05/16 v1.8 Rerun checks for auxiliary files (HO)
Package uniquecounter Info: New unique counter `rerunfilecheck' on input line 2
82.
)
\Hy@SectionHShift=\skip46
)
(/usr/local/texlive/2017/texmf-dist/tex/latex/tools/longtable.sty
Package: longtable 2014/10/28 v4.11 Multi-page Table package (DPC)
\LTleft=\skip47
\LTright=\skip48
\LTpre=\skip49
\LTpost=\skip50
\LTchunksize=\count110
\LTcapwidth=\dimen116
\LT@head=\box28
\LT@firsthead=\box29
\LT@foot=\box30
\LT@lastfoot=\box31
\LT@cols=\count111
\LT@rows=\count112
\c@LT@tables=\count113
\c@LT@chunks=\count114
\LT@p@ftn=\toks21
)
(/usr/local/texlive/2017/texmf-dist/tex/latex/graphics/lscape.sty
Package: lscape 2000/10/22 v3.01 Landscape Pages (DPC)

(/usr/local/texlive/2017/texmf-dist/tex/latex/graphics/graphics.sty
Package: graphics 2017/04/14 v1.1b Standard LaTeX Graphics (DPC,SPQR)

(/usr/local/texlive/2017/texmf-dist/tex/latex/graphics/trig.sty
Package: trig 2016/01/03 v1.10 sin cos tan (DPC)
)
(/usr/local/texlive/2017/texmf-dist/tex/latex/graphics-cfg/graphics.cfg
File: graphics.cfg 2016/06/04 v1.11 sample graphics configuration
)
Package graphics Info: Driver file: pdftex.def on input line 99.

(/usr/local/texlive/2017/texmf-dist/tex/latex/graphics-def/pdftex.def
File: pdftex.def 2017/01/12 v0.06k Graphics/color for pdfTeX
\Gread@gobject=\count115
)))
(/usr/local/texlive/2017/texmf-dist/tex/latex/booktabs/booktabs.sty
Package: booktabs 2016/04/27 v1.618033 publication quality tables
\heavyrulewidth=\dimen117
\lightrulewidth=\dimen118
\cmidrulewidth=\dimen119
\belowrulesep=\dimen120
\belowbottomsep=\dimen121
\aboverulesep=\dimen122
\abovetopsep=\dimen123
\cmidrulesep=\dimen124
\cmidrulekern=\dimen125
\defaultaddspace=\dimen126
\@cmidla=\count116
\@cmidlb=\count117
\@aboverulesep=\dimen127
\@belowrulesep=\dimen128
\@thisruleclass=\count118
\@lastruleclass=\count119
\@thisrulewidth=\dimen129
)
(/usr/local/texlive/2017/texmf-dist/tex/latex/pdfpages/pdfpages.sty
Package: pdfpages 2017/01/14 v0.5h Insert pages of external PDF documents (AM)

(/usr/local/texlive/2017/texmf-dist/tex/latex/base/ifthen.sty
Package: ifthen 2014/09/29 v1.1c Standard LaTeX ifthen package (DPC)
)
(/usr/local/texlive/2017/texmf-dist/tex/latex/tools/calc.sty
Package: calc 2014/10/28 v4.3 Infix arithmetic (KKT,FJ)
\calc@Acount=\count120
\calc@Bcount=\count121
\calc@Adimen=\dimen130
\calc@Bdimen=\dimen131
\calc@Askip=\skip51
\calc@Bskip=\skip52
LaTeX Info: Redefining \setlength on input line 80.
LaTeX Info: Redefining \addtolength on input line 81.
\calc@Ccount=\count122
\calc@Cskip=\skip53
)
(/usr/local/texlive/2017/texmf-dist/tex/latex/eso-pic/eso-pic.sty
Package: eso-pic 2015/07/21 v2.0g eso-pic (RN)

(/usr/local/texlive/2017/texmf-dist/tex/latex/xcolor/xcolor.sty
Package: xcolor 2016/05/11 v2.12 LaTeX color extensions (UK)

(/usr/local/texlive/2017/texmf-dist/tex/latex/graphics-cfg/color.cfg
File: color.cfg 2016/01/02 v1.6 sample color configuration
)
Package xcolor Info: Driver file: pdftex.def on input line 225.
Package xcolor Info: Model `cmy' substituted by `cmy0' on input line 1348.
Package xcolor Info: Model `hsb' substituted by `rgb' on input line 1352.
Package xcolor Info: Model `RGB' extended on input line 1364.
Package xcolor Info: Model `HTML' substituted by `rgb' on input line 1366.
Package xcolor Info: Model `Hsb' substituted by `hsb' on input line 1367.
Package xcolor Info: Model `tHsb' substituted by `hsb' on input line 1368.
Package xcolor Info: Model `HSB' substituted by `hsb' on input line 1369.
Package xcolor Info: Model `Gray' substituted by `gray' on input line 1370.
Package xcolor Info: Model `wave' substituted by `hsb' on input line 1371.
))
(/usr/local/texlive/2017/texmf-dist/tex/latex/graphics/graphicx.sty
Package: graphicx 2014/10/28 v1.0g Enhanced LaTeX Graphics (DPC,SPQR)
\Gin@req@height=\dimen132
\Gin@req@width=\dimen133
)
\AM@pagewidth=\dimen134
\AM@pageheight=\dimen135

(/usr/local/texlive/2017/texmf-dist/tex/latex/pdfpages/pppdftex.def
File: pppdftex.def 2017/01/14 v0.5h Pdfpages driver for pdfTeX (AM)
)
\AM@pagebox=\box32
\AM@global@opts=\toks22
\AM@toc@title=\toks23
\c@AM@survey=\count123
\AM@templatesizebox=\box33
)
(/usr/local/texlive/2017/texmf-dist/tex/latex/caption/subcaption.sty
Package: subcaption 2016/05/22 v1.1-161 Sub-captions (AR)

(/usr/local/texlive/2017/texmf-dist/tex/latex/caption/caption.sty
Package: caption 2016/02/21 v3.3-144 Customizing captions (AR)

(/usr/local/texlive/2017/texmf-dist/tex/latex/caption/caption3.sty
Package: caption3 2016/05/22 v1.7-166 caption3 kernel (AR)
Package caption3 Info: TeX engine: e-TeX on input line 67.
\captionmargin=\dimen136
\captionmargin@=\dimen137
\captionwidth=\dimen138
\caption@tempdima=\dimen139
\caption@indent=\dimen140
\caption@parindent=\dimen141
\caption@hangindent=\dimen142
)
\c@ContinuedFloat=\count124
Package caption Info: hyperref package is loaded.
Package caption Info: longtable package is loaded.

(/usr/local/texlive/2017/texmf-dist/tex/latex/caption/ltcaption.sty
Package: ltcaption 2013/06/09 v1.4-94 longtable captions (AR)
))
\c@subfigure=\count125
\c@subtable=\count126
)
(/usr/local/texlive/2017/texmf-dist/tex/latex/nomencl/nomencl.sty
Package: nomencl 2005/09/22 v4.2 Nomenclature package (LN)
\nomlabelwidth=\dimen143
\nom@tempdim=\dimen144
\nomitemsep=\skip54
)
\@nomenclaturefile=\write3
\openout3 = `research_project_proposal_ej301.nlo'.


Writing nomenclature file research_project_proposal_ej301.nlo
(/usr/local/texlive/2017/texmf-dist/tex/latex/tools/multicol.sty
Package: multicol 2017/04/11 v1.8q multicolumn formatting (FMi)
\c@tracingmulticols=\count127
\mult@box=\box34
\multicol@leftmargin=\dimen145
\c@unbalance=\count128
\c@collectmore=\count129
\doublecol@number=\count130
\multicoltolerance=\count131
\multicolpretolerance=\count132
\full@width=\dimen146
\page@free=\dimen147
\premulticols=\dimen148
\postmulticols=\dimen149
\multicolsep=\skip55
\multicolbaselineskip=\skip56
\partial@page=\box35
\last@line=\box36
\maxbalancingoverflow=\dimen150
\mult@rightbox=\box37
\mult@grightbox=\box38
\mult@gfirstbox=\box39
\mult@firstbox=\box40
\@tempa=\box41
\@tempa=\box42
\@tempa=\box43
\@tempa=\box44
\@tempa=\box45
\@tempa=\box46
\@tempa=\box47
\@tempa=\box48
\@tempa=\box49
\@tempa=\box50
\@tempa=\box51
\@tempa=\box52
\@tempa=\box53
\@tempa=\box54
\@tempa=\box55
\@tempa=\box56
\@tempa=\box57
\c@columnbadness=\count133
\c@finalcolumnbadness=\count134
\last@try=\dimen151
\multicolovershoot=\dimen152
\multicolundershoot=\dimen153
\mult@nat@firstbox=\box58
\colbreak@box=\box59
\mc@col@check@num=\count135
)
(/usr/local/texlive/2017/texmf-dist/tex/latex/pgfgantt/pgfgantt.sty
Package: pgfgantt 2013/06/01 v4.0 Draw Gantt diagrams with TikZ

(/usr/local/texlive/2017/texmf-dist/tex/latex/pgf/frontendlayer/tikz.sty
(/usr/local/texlive/2017/texmf-dist/tex/latex/pgf/basiclayer/pgf.sty
(/usr/local/texlive/2017/texmf-dist/tex/latex/pgf/utilities/pgfrcs.sty
(/usr/local/texlive/2017/texmf-dist/tex/generic/pgf/utilities/pgfutil-common.te
x
\pgfutil@everybye=\toks24
\pgfutil@tempdima=\dimen154
\pgfutil@tempdimb=\dimen155

(/usr/local/texlive/2017/texmf-dist/tex/generic/pgf/utilities/pgfutil-common-li
sts.tex))
(/usr/local/texlive/2017/texmf-dist/tex/generic/pgf/utilities/pgfutil-latex.def
\pgfutil@abb=\box60
(/usr/local/texlive/2017/texmf-dist/tex/latex/ms/everyshi.sty
Package: everyshi 2001/05/15 v3.00 EveryShipout Package (MS)
))
(/usr/local/texlive/2017/texmf-dist/tex/generic/pgf/utilities/pgfrcs.code.tex
Package: pgfrcs 2015/08/07 v3.0.1a (rcs-revision 1.31)
))
Package: pgf 2015/08/07 v3.0.1a (rcs-revision 1.15)
(/usr/local/texlive/2017/texmf-dist/tex/latex/pgf/basiclayer/pgfcore.sty
(/usr/local/texlive/2017/texmf-dist/tex/latex/pgf/systemlayer/pgfsys.sty
(/usr/local/texlive/2017/texmf-dist/tex/generic/pgf/systemlayer/pgfsys.code.tex
Package: pgfsys 2014/07/09 v3.0.1a (rcs-revision 1.48)
(/usr/local/texlive/2017/texmf-dist/tex/generic/pgf/utilities/pgfkeys.code.tex
\pgfkeys@pathtoks=\toks25
\pgfkeys@temptoks=\toks26

(/usr/local/texlive/2017/texmf-dist/tex/generic/pgf/utilities/pgfkeysfiltered.c
ode.tex
\pgfkeys@tmptoks=\toks27
))
\pgf@x=\dimen156
\pgf@y=\dimen157
\pgf@xa=\dimen158
\pgf@ya=\dimen159
\pgf@xb=\dimen160
\pgf@yb=\dimen161
\pgf@xc=\dimen162
\pgf@yc=\dimen163
\w@pgf@writea=\write4
\r@pgf@reada=\read1
\c@pgf@counta=\count136
\c@pgf@countb=\count137
\c@pgf@countc=\count138
\c@pgf@countd=\count139
\t@pgf@toka=\toks28
\t@pgf@tokb=\toks29
\t@pgf@tokc=\toks30

(/usr/local/texlive/2017/texmf-dist/tex/generic/pgf/systemlayer/pgf.cfg
File: pgf.cfg 2008/05/14  (rcs-revision 1.7)
)
Driver file for pgf: pgfsys-pdftex.def

(/usr/local/texlive/2017/texmf-dist/tex/generic/pgf/systemlayer/pgfsys-pdftex.d
ef
File: pgfsys-pdftex.def 2014/10/11  (rcs-revision 1.35)

(/usr/local/texlive/2017/texmf-dist/tex/generic/pgf/systemlayer/pgfsys-common-p
df.def
File: pgfsys-common-pdf.def 2013/10/10  (rcs-revision 1.13)
)))
(/usr/local/texlive/2017/texmf-dist/tex/generic/pgf/systemlayer/pgfsyssoftpath.
code.tex
File: pgfsyssoftpath.code.tex 2013/09/09  (rcs-revision 1.9)
\pgfsyssoftpath@smallbuffer@items=\count140
\pgfsyssoftpath@bigbuffer@items=\count141
)
(/usr/local/texlive/2017/texmf-dist/tex/generic/pgf/systemlayer/pgfsysprotocol.
code.tex
File: pgfsysprotocol.code.tex 2006/10/16  (rcs-revision 1.4)
))
(/usr/local/texlive/2017/texmf-dist/tex/generic/pgf/basiclayer/pgfcore.code.tex
Package: pgfcore 2010/04/11 v3.0.1a (rcs-revision 1.7)
(/usr/local/texlive/2017/texmf-dist/tex/generic/pgf/math/pgfmath.code.tex
(/usr/local/texlive/2017/texmf-dist/tex/generic/pgf/math/pgfmathcalc.code.tex
(/usr/local/texlive/2017/texmf-dist/tex/generic/pgf/math/pgfmathutil.code.tex)
(/usr/local/texlive/2017/texmf-dist/tex/generic/pgf/math/pgfmathparser.code.tex
\pgfmath@dimen=\dimen164
\pgfmath@count=\count142
\pgfmath@box=\box61
\pgfmath@toks=\toks31
\pgfmath@stack@operand=\toks32
\pgfmath@stack@operation=\toks33
)
(/usr/local/texlive/2017/texmf-dist/tex/generic/pgf/math/pgfmathfunctions.code.
tex
(/usr/local/texlive/2017/texmf-dist/tex/generic/pgf/math/pgfmathfunctions.basic
.code.tex)
(/usr/local/texlive/2017/texmf-dist/tex/generic/pgf/math/pgfmathfunctions.trigo
nometric.code.tex)
(/usr/local/texlive/2017/texmf-dist/tex/generic/pgf/math/pgfmathfunctions.rando
m.code.tex)
(/usr/local/texlive/2017/texmf-dist/tex/generic/pgf/math/pgfmathfunctions.compa
rison.code.tex)
(/usr/local/texlive/2017/texmf-dist/tex/generic/pgf/math/pgfmathfunctions.base.
code.tex)
(/usr/local/texlive/2017/texmf-dist/tex/generic/pgf/math/pgfmathfunctions.round
.code.tex)
(/usr/local/texlive/2017/texmf-dist/tex/generic/pgf/math/pgfmathfunctions.misc.
code.tex)
(/usr/local/texlive/2017/texmf-dist/tex/generic/pgf/math/pgfmathfunctions.integ
erarithmetics.code.tex)))
(/usr/local/texlive/2017/texmf-dist/tex/generic/pgf/math/pgfmathfloat.code.tex
\c@pgfmathroundto@lastzeros=\count143
))
(/usr/local/texlive/2017/texmf-dist/tex/generic/pgf/basiclayer/pgfcorepoints.co
de.tex
File: pgfcorepoints.code.tex 2013/10/07  (rcs-revision 1.27)
\pgf@picminx=\dimen165
\pgf@picmaxx=\dimen166
\pgf@picminy=\dimen167
\pgf@picmaxy=\dimen168
\pgf@pathminx=\dimen169
\pgf@pathmaxx=\dimen170
\pgf@pathminy=\dimen171
\pgf@pathmaxy=\dimen172
\pgf@xx=\dimen173
\pgf@xy=\dimen174
\pgf@yx=\dimen175
\pgf@yy=\dimen176
\pgf@zx=\dimen177
\pgf@zy=\dimen178
)
(/usr/local/texlive/2017/texmf-dist/tex/generic/pgf/basiclayer/pgfcorepathconst
ruct.code.tex
File: pgfcorepathconstruct.code.tex 2013/10/07  (rcs-revision 1.29)
\pgf@path@lastx=\dimen179
\pgf@path@lasty=\dimen180
)
(/usr/local/texlive/2017/texmf-dist/tex/generic/pgf/basiclayer/pgfcorepathusage
.code.tex
File: pgfcorepathusage.code.tex 2014/11/02  (rcs-revision 1.24)
\pgf@shorten@end@additional=\dimen181
\pgf@shorten@start@additional=\dimen182
)
(/usr/local/texlive/2017/texmf-dist/tex/generic/pgf/basiclayer/pgfcorescopes.co
de.tex
File: pgfcorescopes.code.tex 2015/05/08  (rcs-revision 1.46)
\pgfpic=\box62
\pgf@hbox=\box63
\pgf@layerbox@main=\box64
\pgf@picture@serial@count=\count144
)
(/usr/local/texlive/2017/texmf-dist/tex/generic/pgf/basiclayer/pgfcoregraphicst
ate.code.tex
File: pgfcoregraphicstate.code.tex 2014/11/02  (rcs-revision 1.12)
\pgflinewidth=\dimen183
)
(/usr/local/texlive/2017/texmf-dist/tex/generic/pgf/basiclayer/pgfcoretransform
ations.code.tex
File: pgfcoretransformations.code.tex 2015/08/07  (rcs-revision 1.20)
\pgf@pt@x=\dimen184
\pgf@pt@y=\dimen185
\pgf@pt@temp=\dimen186
)
(/usr/local/texlive/2017/texmf-dist/tex/generic/pgf/basiclayer/pgfcorequick.cod
e.tex
File: pgfcorequick.code.tex 2008/10/09  (rcs-revision 1.3)
)
(/usr/local/texlive/2017/texmf-dist/tex/generic/pgf/basiclayer/pgfcoreobjects.c
ode.tex
File: pgfcoreobjects.code.tex 2006/10/11  (rcs-revision 1.2)
)
(/usr/local/texlive/2017/texmf-dist/tex/generic/pgf/basiclayer/pgfcorepathproce
ssing.code.tex
File: pgfcorepathprocessing.code.tex 2013/09/09  (rcs-revision 1.9)
)
(/usr/local/texlive/2017/texmf-dist/tex/generic/pgf/basiclayer/pgfcorearrows.co
de.tex
File: pgfcorearrows.code.tex 2015/05/14  (rcs-revision 1.43)
\pgfarrowsep=\dimen187
)
(/usr/local/texlive/2017/texmf-dist/tex/generic/pgf/basiclayer/pgfcoreshade.cod
e.tex
File: pgfcoreshade.code.tex 2013/07/15  (rcs-revision 1.15)
\pgf@max=\dimen188
\pgf@sys@shading@range@num=\count145
)
(/usr/local/texlive/2017/texmf-dist/tex/generic/pgf/basiclayer/pgfcoreimage.cod
e.tex
File: pgfcoreimage.code.tex 2013/07/15  (rcs-revision 1.18)

(/usr/local/texlive/2017/texmf-dist/tex/generic/pgf/basiclayer/pgfcoreexternal.
code.tex
File: pgfcoreexternal.code.tex 2014/07/09  (rcs-revision 1.21)
\pgfexternal@startupbox=\box65
))
(/usr/local/texlive/2017/texmf-dist/tex/generic/pgf/basiclayer/pgfcorelayers.co
de.tex
File: pgfcorelayers.code.tex 2013/07/18  (rcs-revision 1.7)
)
(/usr/local/texlive/2017/texmf-dist/tex/generic/pgf/basiclayer/pgfcoretranspare
ncy.code.tex
File: pgfcoretransparency.code.tex 2013/09/30  (rcs-revision 1.5)
)
(/usr/local/texlive/2017/texmf-dist/tex/generic/pgf/basiclayer/pgfcorepatterns.
code.tex
File: pgfcorepatterns.code.tex 2013/11/07  (rcs-revision 1.5)
)))
(/usr/local/texlive/2017/texmf-dist/tex/generic/pgf/modules/pgfmoduleshapes.cod
e.tex
File: pgfmoduleshapes.code.tex 2014/03/21  (rcs-revision 1.35)
\pgfnodeparttextbox=\box66
)
(/usr/local/texlive/2017/texmf-dist/tex/generic/pgf/modules/pgfmoduleplot.code.
tex
File: pgfmoduleplot.code.tex 2015/08/03  (rcs-revision 1.13)
)
(/usr/local/texlive/2017/texmf-dist/tex/latex/pgf/compatibility/pgfcomp-version
-0-65.sty
Package: pgfcomp-version-0-65 2007/07/03 v3.0.1a (rcs-revision 1.7)
\pgf@nodesepstart=\dimen189
\pgf@nodesepend=\dimen190
)
(/usr/local/texlive/2017/texmf-dist/tex/latex/pgf/compatibility/pgfcomp-version
-1-18.sty
Package: pgfcomp-version-1-18 2007/07/23 v3.0.1a (rcs-revision 1.1)
))
(/usr/local/texlive/2017/texmf-dist/tex/latex/pgf/utilities/pgffor.sty
(/usr/local/texlive/2017/texmf-dist/tex/latex/pgf/utilities/pgfkeys.sty
(/usr/local/texlive/2017/texmf-dist/tex/generic/pgf/utilities/pgfkeys.code.tex)
) (/usr/local/texlive/2017/texmf-dist/tex/latex/pgf/math/pgfmath.sty
(/usr/local/texlive/2017/texmf-dist/tex/generic/pgf/math/pgfmath.code.tex))
(/usr/local/texlive/2017/texmf-dist/tex/generic/pgf/utilities/pgffor.code.tex
Package: pgffor 2013/12/13 v3.0.1a (rcs-revision 1.25)

(/usr/local/texlive/2017/texmf-dist/tex/generic/pgf/math/pgfmath.code.tex)
\pgffor@iter=\dimen191
\pgffor@skip=\dimen192
\pgffor@stack=\toks34
\pgffor@toks=\toks35
))
(/usr/local/texlive/2017/texmf-dist/tex/generic/pgf/frontendlayer/tikz/tikz.cod
e.tex
Package: tikz 2015/08/07 v3.0.1a (rcs-revision 1.151)

(/usr/local/texlive/2017/texmf-dist/tex/generic/pgf/libraries/pgflibraryplothan
dlers.code.tex
File: pgflibraryplothandlers.code.tex 2013/08/31 v3.0.1a (rcs-revision 1.20)
\pgf@plot@mark@count=\count146
\pgfplotmarksize=\dimen193
)
\tikz@lastx=\dimen194
\tikz@lasty=\dimen195
\tikz@lastxsaved=\dimen196
\tikz@lastysaved=\dimen197
\tikzleveldistance=\dimen198
\tikzsiblingdistance=\dimen199
\tikz@figbox=\box67
\tikz@figbox@bg=\box68
\tikz@tempbox=\box69
\tikz@tempbox@bg=\box70
\tikztreelevel=\count147
\tikznumberofchildren=\count148
\tikznumberofcurrentchild=\count149
\tikz@fig@count=\count150

(/usr/local/texlive/2017/texmf-dist/tex/generic/pgf/modules/pgfmodulematrix.cod
e.tex
File: pgfmodulematrix.code.tex 2013/09/17  (rcs-revision 1.8)
\pgfmatrixcurrentrow=\count151
\pgfmatrixcurrentcolumn=\count152
\pgf@matrix@numberofcolumns=\count153
)
\tikz@expandcount=\count154

(/usr/local/texlive/2017/texmf-dist/tex/generic/pgf/frontendlayer/tikz/librarie
s/tikzlibrarytopaths.code.tex
File: tikzlibrarytopaths.code.tex 2008/06/17 v3.0.1a (rcs-revision 1.2)
)))
(/usr/local/texlive/2017/texmf-dist/tex/generic/pgf/frontendlayer/tikz/librarie
s/tikzlibraryarrows.code.tex
File: tikzlibraryarrows.code.tex 2008/01/09 v3.0.1a (rcs-revision 1.1)

(/usr/local/texlive/2017/texmf-dist/tex/generic/pgf/libraries/pgflibraryarrows.
code.tex
File: pgflibraryarrows.code.tex 2013/09/23 v3.0.1a (rcs-revision 1.16)
\arrowsize=\dimen256
))
(/usr/local/texlive/2017/texmf-dist/tex/generic/pgf/frontendlayer/tikz/librarie
s/tikzlibrarybackgrounds.code.tex
File: tikzlibrarybackgrounds.code.tex 2013/07/18 v3.0.1a (rcs-revision 1.3)
\pgf@layerbox@background=\box71
\pgf@layerboxsaved@background=\box72
)
(/usr/local/texlive/2017/texmf-dist/tex/generic/pgf/frontendlayer/tikz/librarie
s/tikzlibrarycalc.code.tex
File: tikzlibrarycalc.code.tex 2013/07/15 v3.0.1a (rcs-revision 1.9)
)
(/usr/local/texlive/2017/texmf-dist/tex/generic/pgf/frontendlayer/tikz/librarie
s/tikzlibrarypatterns.code.tex
File: tikzlibrarypatterns.code.tex 2008/01/15 v3.0.1a (rcs-revision 1.2)

(/usr/local/texlive/2017/texmf-dist/tex/generic/pgf/libraries/pgflibrarypattern
s.code.tex
File: pgflibrarypatterns.code.tex 2008/03/03 v3.0.1a (rcs-revision 1.13)
))
(/usr/local/texlive/2017/texmf-dist/tex/generic/pgf/frontendlayer/tikz/librarie
s/tikzlibrarypositioning.code.tex
File: tikzlibrarypositioning.code.tex 2008/10/06 v3.0.1a (rcs-revision 1.7)
)
(/usr/local/texlive/2017/texmf-dist/tex/generic/pgf/frontendlayer/tikz/librarie
s/tikzlibraryshapes.geometric.code.tex
File: tikzlibraryshapes.geometric.code.tex 2008/01/09 v3.0.1a (rcs-revision 1.1
)

(/usr/local/texlive/2017/texmf-dist/tex/generic/pgf/libraries/shapes/pgflibrary
shapes.geometric.code.tex
File: pgflibraryshapes.geometric.code.tex 2008/06/26 v3.0.1a (rcs-revision 1.1)

))
(/usr/local/texlive/2017/texmf-dist/tex/latex/pgf/utilities/pgfcalendar.sty
(/usr/local/texlive/2017/texmf-dist/tex/generic/pgf/utilities/pgfcalendar.code.
tex
File: pgfcalendar.code.tex 2007/07/23 v3.0.1a (rcs-revision 1.11)
\pgfcalendarcurrentjulian=\count155
))
\gtt@currentline=\count156
\gtt@lasttitleline=\count157
\gtt@currgrid=\count158
\gtt@chartwidth=\count159
\gtt@lasttitleslot=\count160
\gtt@elementid=\count161
\gtt@today@slot=\count162
\gtt@startjulian=\count163
\gtt@endjulian=\count164
\gtt@calendar@slots=\count165
\gtt@calendar@weeknumber=\count166
\gtt@calendar@startofweek=\count167
\gtt@left@slot=\count168
\gtt@right@slot=\count169
) (/usr/local/texlive/2017/texmf-dist/tex/latex/siunitx/siunitx.sty
(/usr/local/texlive/2017/texmf-dist/tex/latex/l3kernel/expl3.sty
Package: expl3 2017/05/13 L3 programming layer (loader) 

(/usr/local/texlive/2017/texmf-dist/tex/latex/l3kernel/expl3-code.tex
Package: expl3 2017/05/13 L3 programming layer (code)
\c_max_int=\count170
\l_tmpa_int=\count171
\l_tmpb_int=\count172
\g_tmpa_int=\count173
\g_tmpb_int=\count174
\g__prg_map_int=\count175
\c_log_iow=\count176
\l_iow_line_count_int=\count177
\l__iow_line_target_int=\count178
\l__iow_one_indent_int=\count179
\l__iow_indent_int=\count180
\c_zero_dim=\dimen257
\c_max_dim=\dimen258
\l_tmpa_dim=\dimen259
\l_tmpb_dim=\dimen260
\g_tmpa_dim=\dimen261
\g_tmpb_dim=\dimen262
\c_zero_skip=\skip57
\c_max_skip=\skip58
\l_tmpa_skip=\skip59
\l_tmpb_skip=\skip60
\g_tmpa_skip=\skip61
\g_tmpb_skip=\skip62
\c_zero_muskip=\muskip12
\c_max_muskip=\muskip13
\l_tmpa_muskip=\muskip14
\l_tmpb_muskip=\muskip15
\g_tmpa_muskip=\muskip16
\g_tmpb_muskip=\muskip17
\l_keys_choice_int=\count181
\c__fp_leading_shift_int=\count182
\c__fp_middle_shift_int=\count183
\c__fp_trailing_shift_int=\count184
\c__fp_big_leading_shift_int=\count185
\c__fp_big_middle_shift_int=\count186
\c__fp_big_trailing_shift_int=\count187
\c__fp_Bigg_leading_shift_int=\count188
\c__fp_Bigg_middle_shift_int=\count189
\c__fp_Bigg_trailing_shift_int=\count190
\c__fp_rand_size_int=\count191
\c__fp_rand_four_int=\count192
\c__fp_rand_eight_int=\count193
\l__sort_length_int=\count194
\l__sort_min_int=\count195
\l__sort_top_int=\count196
\l__sort_max_int=\count197
\l__sort_true_max_int=\count198
\l__sort_block_int=\count199
\l__sort_begin_int=\count266
\l__sort_end_int=\count267
\l__sort_A_int=\count268
\l__sort_B_int=\count269
\l__sort_C_int=\count270
\c_empty_box=\box73
\l_tmpa_box=\box74
\l_tmpb_box=\box75
\g_tmpa_box=\box76
\g_tmpb_box=\box77
\l__box_top_dim=\dimen263
\l__box_bottom_dim=\dimen264
\l__box_left_dim=\dimen265
\l__box_right_dim=\dimen266
\l__box_top_new_dim=\dimen267
\l__box_bottom_new_dim=\dimen268
\l__box_left_new_dim=\dimen269
\l__box_right_new_dim=\dimen270
\l__box_internal_box=\box78
\l__coffin_internal_box=\box79
\l__coffin_internal_dim=\dimen271
\l__coffin_offset_x_dim=\dimen272
\l__coffin_offset_y_dim=\dimen273
\l__coffin_x_dim=\dimen274
\l__coffin_y_dim=\dimen275
\l__coffin_x_prime_dim=\dimen276
\l__coffin_y_prime_dim=\dimen277
\c_empty_coffin=\box80
\l__coffin_aligned_coffin=\box81
\l__coffin_aligned_internal_coffin=\box82
\l_tmpa_coffin=\box83
\l_tmpb_coffin=\box84
\l__coffin_display_coffin=\box85
\l__coffin_display_coord_coffin=\box86
\l__coffin_display_pole_coffin=\box87
\l__coffin_display_offset_dim=\dimen278
\l__coffin_display_x_dim=\dimen279
\l__coffin_display_y_dim=\dimen280
\l__coffin_bounding_shift_dim=\dimen281
\l__coffin_left_corner_dim=\dimen282
\l__coffin_right_corner_dim=\dimen283
\l__coffin_bottom_corner_dim=\dimen284
\l__coffin_top_corner_dim=\dimen285
\l__coffin_scaled_total_height_dim=\dimen286
\l__coffin_scaled_width_dim=\dimen287
)
(/usr/local/texlive/2017/texmf-dist/tex/latex/l3kernel/l3pdfmode.def
File: l3pdfmode.def 2017/03/18 v L3 Experimental driver: PDF mode
\l__driver_color_stack_int=\count271
\l__driver_tmp_box=\box88
))
(/usr/local/texlive/2017/texmf-dist/tex/latex/l3packages/xparse/xparse.sty
Package: xparse 2017/05/13 L3 Experimental document command parser
\l__xparse_current_arg_int=\count272
\g__xparse_grabber_int=\count273
\l__xparse_m_args_int=\count274
\l__xparse_mandatory_args_int=\count275
\l__xparse_v_nesting_int=\count276
)
Package: siunitx 2017/05/19 v2.7g A comprehensive (SI) units package

(/usr/local/texlive/2017/texmf-dist/tex/latex/tools/array.sty
Package: array 2016/10/06 v2.4d Tabular extension package (FMi)
\col@sep=\dimen288
\extrarowheight=\dimen289
\NC@list=\toks36
\extratabsurround=\skip63
\backup@length=\skip64
)
(/usr/local/texlive/2017/texmf-dist/tex/latex/l3packages/l3keys2e/l3keys2e.sty
Package: l3keys2e 2017/05/13 LaTeX2e option processing using LaTeX3 keys
)
\l__siunitx_tmp_box=\box89
\l__siunitx_tmp_dim=\dimen290
\l__siunitx_tmp_int=\count277
\l__siunitx_number_mantissa_length_int=\count278
\l__siunitx_number_uncert_length_int=\count279
\l__siunitx_round_int=\count280
\l__siunitx_process_decimal_int=\count281
\l__siunitx_process_uncertainty_int=\count282
\l__siunitx_process_fixed_int=\count283
\l__siunitx_process_integer_min_int=\count284
\l__siunitx_process_precision_int=\count285
\l__siunitx_group_min_int=\count286
\l__siunitx_angle_marker_box=\box90
\l__siunitx_angle_unit_box=\box91
\l__siunitx_angle_marker_dim=\dimen291
\l__siunitx_angle_unit_dim=\dimen292
\l__siunitx_unit_int=\count287
\l__siunitx_unit_denominator_int=\count288
\l__siunitx_unit_numerator_int=\count289
\l__siunitx_unit_prefix_int=\count290
\l__siunitx_unit_prefix_base_int=\count291
\l__siunitx_unit_prefix_gram_int=\count292
\l__siunitx_number_product_int=\count293
\c__siunitx_one_fill_skip=\skip65
\l__siunitx_table_unit_align_skip=\skip66
\l__siunitx_table_exponent_dim=\dimen293
\l__siunitx_table_integer_dim=\dimen294
\l__siunitx_table_mantissa_dim=\dimen295
\l__siunitx_table_marker_dim=\dimen296
\l__siunitx_table_result_dim=\dimen297
\l__siunitx_table_uncert_dim=\dimen298
\l__siunitx_table_fill_pre_dim=\dimen299
\l__siunitx_table_fill_post_dim=\dimen300
\l__siunitx_table_fill_mid_dim=\dimen301
\l__siunitx_table_pre_box=\box92
\l__siunitx_table_post_box=\box93
\l__siunitx_table_mantissa_box=\box94
\l__siunitx_table_result_box=\box95
\l__siunitx_table_number_align_skip=\skip67
\l__siunitx_table_text_align_skip=\skip68
.................................................
. LaTeX info: "xparse/define-command"
. 
. Defining command \DeclareBinaryPrefix with sig. 'mmm' on line 7251.
.................................................
.................................................
. LaTeX info: "xparse/define-command"
. 
. Defining command \DeclareSIPostPower with sig. 'mm' on line 7254.
.................................................
.................................................
. LaTeX info: "xparse/define-command"
. 
. Defining command \DeclareSIPrefix with sig. 'mmm' on line 7257.
.................................................
.................................................
. LaTeX info: "xparse/define-command"
. 
. Defining command \DeclareSIPrePower with sig. 'mm' on line 7260.
.................................................
.................................................
. LaTeX info: "xparse/define-command"
. 
. Defining command \DeclareSIQualifier with sig. 'mm' on line 7263.
.................................................
.................................................
. LaTeX info: "xparse/define-command"
. 
. Defining command \DeclareSIUnit with sig. 'O{}mm' on line 7266.
.................................................
.................................................
. LaTeX info: "xparse/define-command"
. 
. Defining command \DeclareSIUnitWithOptions with sig. 'mmm' on line 7269.
.................................................
.................................................
. LaTeX info: "xparse/define-command"
. 
. Defining command \ang with sig. 'o>{\SplitArgument {2}{;}}m' on line 7284.
.................................................
.................................................
. LaTeX info: "xparse/define-command"
. 
. Defining command \num with sig. 'om' on line 7293.
.................................................
.................................................
. LaTeX info: "xparse/define-command"
. 
. Defining command \numlist with sig. 'o>{\SplitList {;}}m' on line 7302.
.................................................
.................................................
. LaTeX info: "xparse/define-command"
. 
. Defining command \numrange with sig. 'omm' on line 7311.
.................................................
.................................................
. LaTeX info: "xparse/define-command"
. 
. Defining command \SIlist with sig. 'o>{\SplitList {;}}mm' on line 7323.
.................................................
.................................................
. LaTeX info: "xparse/define-command"
. 
. Defining command \SIrange with sig. 'ommm' on line 7335.
.................................................
.................................................
. LaTeX info: "xparse/define-command"
. 
. Defining command \SI with sig. 'omom' on line 7347.
.................................................
.................................................
. LaTeX info: "xparse/define-command"
. 
. Defining command \sisetup with sig. 'm' on line 7350.
.................................................
.................................................
. LaTeX info: "xparse/define-command"
. 
. Defining command \tablenum with sig. 'om' on line 7365.
.................................................
.................................................
. LaTeX info: "xparse/define-command"
. 
. Defining command \si with sig. 'om' on line 7377.
.................................................
.................................................
. LaTeX info: "xparse/define-command"
. 
. Defining command \numInBookmark with sig. 'om' on line 7424.
.................................................
.................................................
. LaTeX info: "xparse/define-command"
. 
. Defining command \numrangeInBookmark with sig. 'omm' on line 7426.
.................................................
.................................................
. LaTeX info: "xparse/define-command"
. 
. Defining command \SIInBookmark with sig. 'omom' on line 7428.
.................................................
.................................................
. LaTeX info: "xparse/define-command"
. 
. Defining command \SIlistInBookmark with sig. 'omm' on line 7430.
.................................................
.................................................
. LaTeX info: "xparse/define-command"
. 
. Defining command \SIrangeInBookmark with sig. 'ommm' on line 7432.
.................................................
.................................................
. LaTeX info: "xparse/define-command"
. 
. Defining command \siInBookmark with sig. 'om' on line 7433.
.................................................
\g__file_internal_ior=\read2
(/usr/local/texlive/2017/texmf-dist/tex/latex/beamer/translator/translator.sty
Package: translator 2010/06/12 ver 1.10

(/usr/local/texlive/2017/texmf-dist/tex/latex/beamer/translator/translator-lang
uage-mappings.tex)
LaTeX Info: Redefining \translate on input line 118.
))
(/usr/local/texlive/2017/texmf-dist/tex/latex/circuitikz/circuitikz.sty
Package: circuitikz 2017/05/01{} The CircuiTikz circuit drawing package version
 0.8.2

(/usr/local/texlive/2017/texmf-dist/tex/generic/circuitikz/pgfcirc.defines.tex
\pgf@circ@res@up=\dimen302
\pgf@circ@res@down=\dimen303
\pgf@circ@res@zero=\dimen304
\pgf@circ@res@left=\dimen305
\pgf@circ@res@right=\dimen306
\pgf@circ@res@other=\dimen307
\pgf@circ@res@step=\dimen308
\pgf@circ@res@temp=\dimen309
\pgfstartlinewidth=\dimen310
\pgf@circ@Rlen=\dimen311
) (/usr/local/texlive/2017/texmf-dist/tex/generic/circuitikz/pgfcircutils.tex)
(/usr/local/texlive/2017/texmf-dist/tex/generic/circuitikz/pgfcircshapes.tex)
(/usr/local/texlive/2017/texmf-dist/tex/generic/circuitikz/pgfcircmonopoles.tex
) (/usr/local/texlive/2017/texmf-dist/tex/generic/circuitikz/pgfcircbipoles.tex
)
(/usr/local/texlive/2017/texmf-dist/tex/generic/circuitikz/pgfcirctripoles.tex)

(/usr/local/texlive/2017/texmf-dist/tex/generic/circuitikz/pgfcircquadpoles.tex
) (/usr/local/texlive/2017/texmf-dist/tex/generic/circuitikz/pgfcirclabel.tex)
(/usr/local/texlive/2017/texmf-dist/tex/generic/circuitikz/pgfcircvoltage.tex)
(/usr/local/texlive/2017/texmf-dist/tex/generic/circuitikz/pgfcirccurrent.tex)
(/usr/local/texlive/2017/texmf-dist/tex/generic/circuitikz/pgfcircpath.tex))
(/usr/local/texlive/2017/texmf-dist/tex/latex/listings/listings.sty
\lst@mode=\count294
\lst@gtempboxa=\box96
\lst@token=\toks37
\lst@length=\count295
\lst@currlwidth=\dimen312
\lst@column=\count296
\lst@pos=\count297
\lst@lostspace=\dimen313
\lst@width=\dimen314
\lst@newlines=\count298
\lst@lineno=\count299
\lst@maxwidth=\dimen315

(/usr/local/texlive/2017/texmf-dist/tex/latex/listings/lstmisc.sty
File: lstmisc.sty 2015/06/04 1.6 (Carsten Heinz)
\c@lstnumber=\count300
\lst@skipnumbers=\count301
\lst@framebox=\box97
)
(/usr/local/texlive/2017/texmf-dist/tex/latex/listings/listings.cfg
File: listings.cfg 2015/06/04 1.6 listings configuration
))
Package: listings 2015/06/04 1.6 (Carsten Heinz)

(/usr/local/texlive/2017/texmf-dist/tex/latex/natbib/natbib.sty
Package: natbib 2010/09/13 8.31b (PWD, AO)
\bibhang=\skip69
\bibsep=\skip70
LaTeX Info: Redefining \cite on input line 694.
\c@NAT@ctr=\count302
)
(./research_project_proposal_ej301.aux

LaTeX Warning: Label `fig:pm_boxplot' multiply defined.


LaTeX Warning: Label `sub@fig:pm_boxplot' multiply defined.

)
\openout1 = `research_project_proposal_ej301.aux'.

LaTeX Font Info:    Checking defaults for OML/cmm/m/it on input line 67.
LaTeX Font Info:    ... okay on input line 67.
LaTeX Font Info:    Checking defaults for T1/cmr/m/n on input line 67.
LaTeX Font Info:    ... okay on input line 67.
LaTeX Font Info:    Checking defaults for OT1/cmr/m/n on input line 67.
LaTeX Font Info:    ... okay on input line 67.
LaTeX Font Info:    Checking defaults for OMS/cmsy/m/n on input line 67.
LaTeX Font Info:    ... okay on input line 67.
LaTeX Font Info:    Checking defaults for OMX/cmex/m/n on input line 67.
LaTeX Font Info:    ... okay on input line 67.
LaTeX Font Info:    Checking defaults for U/cmr/m/n on input line 67.
LaTeX Font Info:    ... okay on input line 67.
LaTeX Font Info:    Checking defaults for PD1/pdf/m/n on input line 67.
LaTeX Font Info:    ... okay on input line 67.
\AtBeginShipoutBox=\box98
Package hyperref Info: Link coloring ON on input line 67.
 (/usr/local/texlive/2017/texmf-dist/tex/latex/hyperref/nameref.sty
Package: nameref 2016/05/21 v2.44 Cross-referencing by name of section

(/usr/local/texlive/2017/texmf-dist/tex/generic/oberdiek/gettitlestring.sty
Package: gettitlestring 2016/05/16 v1.5 Cleanup title references (HO)
)
\c@section@level=\count303
)
LaTeX Info: Redefining \ref on input line 67.
LaTeX Info: Redefining \pageref on input line 67.
LaTeX Info: Redefining \nameref on input line 67.

(./research_project_proposal_ej301.out) (./research_project_proposal_ej301.out)
\@outlinefile=\write5
\openout5 = `research_project_proposal_ej301.out'.

(/usr/local/texlive/2017/texmf-dist/tex/context/base/mkii/supp-pdf.mkii
[Loading MPS to PDF converter (version 2006.09.02).]
\scratchcounter=\count304
\scratchdimen=\dimen316
\scratchbox=\box99
\nofMPsegments=\count305
\nofMParguments=\count306
\everyMPshowfont=\toks38
\MPscratchCnt=\count307
\MPscratchDim=\dimen317
\MPnumerator=\count308
\makeMPintoPDFobject=\count309
\everyMPtoPDFconversion=\toks39
) (/usr/local/texlive/2017/texmf-dist/tex/latex/oberdiek/epstopdf-base.sty
Package: epstopdf-base 2016/05/15 v2.6 Base part for package epstopdf

(/usr/local/texlive/2017/texmf-dist/tex/latex/oberdiek/grfext.sty
Package: grfext 2016/05/16 v1.2 Manage graphics extensions (HO)
)
Package epstopdf-base Info: Redefining graphics rule for `.eps' on input line 4
38.
Package grfext Info: Graphics extension search list:
(grfext)             [.png,.pdf,.jpg,.mps,.jpeg,.jbig2,.jb2,.PNG,.PDF,.JPG,.JPE
G,.JBIG2,.JB2,.eps]
(grfext)             \AppendGraphicsExtensions on input line 456.

(/usr/local/texlive/2017/texmf-dist/tex/latex/latexconfig/epstopdf-sys.cfg
File: epstopdf-sys.cfg 2010/07/13 v1.3 Configuration of (r)epstopdf for TeX Liv
e
))
(/usr/local/texlive/2017/texmf-dist/tex/latex/oberdiek/pdflscape.sty
Package: pdflscape 2016/05/14 v0.11 Display of landscape pages in PDF (HO)
Package pdflscape Info: Auto-detected driver: pdftex on input line 81.
)
Package caption Info: Begin \AtBeginDocument code.
Package caption Info: listings package is loaded.
Package caption Info: End \AtBeginDocument code.

ABD: EveryShipout initializing macros
(/usr/local/texlive/2017/texmf-dist/tex/latex/beamer/translator/dicts/translato
r-basic-dictionary/translator-basic-dictionary-English.dict
Dictionary: translator-basic-dictionary, Language: English 
)
(/usr/local/texlive/2017/texmf-dist/tex/latex/siunitx/siunitx-abbreviations.cfg
File: siunitx-abbreviations.cfg 2017/05/19 v2.7g siunitx: Abbreviated units
)
\c@lstlisting=\count310
\c__siunitx_mathsf_int=\count311
LaTeX Font Info:    Try loading font information for U+msa on input line 67.
 (/usr/local/texlive/2017/texmf-dist/tex/latex/amsfonts/umsa.fd
File: umsa.fd 2013/01/14 v3.01 AMS symbols A
)
LaTeX Font Info:    Try loading font information for U+msb on input line 67.

(/usr/local/texlive/2017/texmf-dist/tex/latex/amsfonts/umsb.fd
File: umsb.fd 2013/01/14 v3.01 AMS symbols B
)
\c__siunitx_mathtt_int=\count312
 [0

{/usr/local/texlive/2017/texmf-var/fonts/map/pdftex/updmap/pdftex.map}] [1]pdfT
eX warning (ext4): destination with the same identifier (name{page.1}) has been
 already used, duplicate ignored
<to be read again> 
                   \relax 
l.72 \end{abstract}
                    [1] [2] (./research_project_proposal_ej301.toc [3

])
\tf@toc=\write6
\openout6 = `research_project_proposal_ej301.toc'.


[4] [5] (./research_project_proposal_ej301.lof [6

] [7])
\tf@lof=\write7
\openout7 = `research_project_proposal_ej301.lof'.

 [8]
(./research_project_proposal_ej301.lot)
\tf@lot=\write8
\openout8 = `research_project_proposal_ej301.lot'.

 (./research_project_proposal_ej301.nls
[9

] [10

]) [11]
Chapter 1.
[12

] [13] [14]
Chapter 2.
[15

]
<Rationale_for_air_quality_monitoring.png, id=630, 576.1525pt x 556.0775pt>
File: Rationale_for_air_quality_monitoring.png Graphic file (type png)

<use Rationale_for_air_quality_monitoring.png>
Package pdftex.def Info: Rationale_for_air_quality_monitoring.png used on input
 line 150.
(pdftex.def)             Requested size: 288.35587pt x 278.31807pt.
 [16] [17 <./Rationale_for_air_quality_monitoring.png>]
LaTeX Font Info:    Try loading font information for OML+cmr on input line 240.


(/usr/local/texlive/2017/texmf-dist/tex/latex/base/omlcmr.fd
File: omlcmr.fd 2014/09/29 v2.5h Standard LaTeX font definitions
)
LaTeX Font Info:    Font shape `OML/cmr/m/n' in size <10.95> not available
(Font)              Font shape `OML/cmm/m/it' tried instead on input line 240.
LaTeX Font Info:    Try loading font information for TS1+cmr on input line 240.


(/usr/local/texlive/2017/texmf-dist/tex/latex/base/ts1cmr.fd
File: ts1cmr.fd 2014/09/29 v2.5h Standard LaTeX font definitions
) [18] [19]
<aeroflex.png, id=721, 300.1614pt x 187.4202pt>
File: aeroflex.png Graphic file (type png)
 <use aeroflex.png>
Package pdftex.def Info: aeroflex.png used on input line 263.
(pdftex.def)             Requested size: 288.35587pt x 180.05003pt.
 [20]
[21 <./aeroflex.png>]
LaTeX Font Info:    Font shape `OML/cmr/m/n' in size <7> not available
(Font)              Font shape `OML/cmm/m/it' tried instead on input line 296.
 [22

] [23

] [24] [25]
Underfull \hbox (badness 10000) in paragraph at lines 371--371
[]|\OT1/cmr/m/n/10 Wi-Fi
 []


Overfull \hbox (28.14125pt too wide) in paragraph at lines 369--385
[][] 
 []

[26] [27] [28] [29] [30] [31]
<LURexplanation.jpg, id=975, 602.25pt x 519.9425pt>
File: LURexplanation.jpg Graphic file (type jpg)
 <use LURexplanation.jpg>
Package pdftex.def Info: LURexplanation.jpg used on input line 513.
(pdftex.def)             Requested size: 288.35587pt x 248.95868pt.

<googleapi_heatmap_layer.png, id=981, 862.22125pt x 402.50375pt>
File: googleapi_heatmap_layer.png Graphic file (type png)

<use googleapi_heatmap_layer.png>
Package pdftex.def Info: googleapi_heatmap_layer.png used on input line 531.
(pdftex.def)             Requested size: 288.35587pt x 134.60774pt.
 [32 <./LURexplanation.jpg>]
<hanoihexagons.png, id=996, 552.0625pt x 329.23pt>
File: hanoihexagons.png Graphic file (type png)
 <use hanoihexagons.png>
Package pdftex.def Info: hanoihexagons.png used on input line 542.
(pdftex.def)             Requested size: 288.35587pt x 171.97421pt.

[33 <./googleapi_heatmap_layer.png> <./hanoihexagons.png>] [34] [35] [36]
Chapter 3.
<device.jpg, id=1045, 4143.48pt x 2330.7075pt>
File: device.jpg Graphic file (type jpg)
 <use device.jpg>
Package pdftex.def Info: device.jpg used on input line 602.
(pdftex.def)             Requested size: 288.35587pt x 162.17041pt.
 [37

] [38 <./device.jpg>] [39] [40] [41]
<images/gpio_expander1.jpg, id=1114, 2064.71375pt x 2355.80125pt>
File: images/gpio_expander1.jpg Graphic file (type jpg)

<use images/gpio_expander1.jpg>
Package pdftex.def Info: images/gpio_expander1.jpg used on input line 736.
(pdftex.def)             Requested size: 164.77298pt x 188.00064pt.

<images/two_on_one.jpg, id=1115, 2889.79625pt x 1852.9225pt>
File: images/two_on_one.jpg Graphic file (type jpg)

<use images/two_on_one.jpg>
Package pdftex.def Info: images/two_on_one.jpg used on input line 742.
(pdftex.def)             Requested size: 205.96938pt x 132.0645pt.

<images/protoboard.jpg, id=1116, 1270.7475pt x 1756.5625pt>
File: images/protoboard.jpg Graphic file (type jpg)

<use images/protoboard.jpg>
Package pdftex.def Info: images/protoboard.jpg used on input line 751.
(pdftex.def)             Requested size: 164.77298pt x 227.74467pt.

<images/ammeter.jpg, id=1120, 2319.66624pt x 3219.02625pt>
File: images/ammeter.jpg Graphic file (type jpg)

<use images/ammeter.jpg>
Package pdftex.def Info: images/ammeter.jpg used on input line 780.
(pdftex.def)             Requested size: 164.77298pt x 228.64578pt.

<images/usb_cable.jpg, id=1121, 2330.7075pt x 3292.3pt>
File: images/usb_cable.jpg Graphic file (type jpg)

<use images/usb_cable.jpg>
Package pdftex.def Info: images/usb_cable.jpg used on input line 786.
(pdftex.def)             Requested size: 164.77298pt x 232.74518pt.
 [42] [43 <./images/gpio_expander1.jpg> <./images/two_on_one.jpg> <./images/pro
toboard.jpg>] [44 <./images/ammeter.jpg> <./images/usb_cable.jpg>] [45] <images
/design.png, id=1147, 694.2738pt x 358.941pt>
File: images/design.png Graphic file (type png)

<use images/design.png>
Package pdftex.def Info: images/design.png used on input line 838.
(pdftex.def)             Requested size: 370.74237pt x 191.67827pt.
 [46 <./images/design.png>]
<images/code_flow.png, id=1163, 602.25pt x 360.34625pt>
File: images/code_flow.png Graphic file (type png)

<use images/code_flow.png>
Package pdftex.def Info: images/code_flow.png used on input line 869.
(pdftex.def)             Requested size: 370.74237pt x 221.8343pt.
 [47] [48 <./images/code_flow.png>]
<images/web_app.png, id=1179, 1332.98pt x 746.79pt>
File: images/web_app.png Graphic file (type png)
 <use images/web_app.png>
Package pdftex.def Info: images/web_app.png used on input line 913.
(pdftex.def)             Requested size: 411.93877pt x 230.7846pt.

[49] [50 <./images/web_app.png>]
Chapter 4.
[51

] [52] <spi_master_slave.png, id=1214, 382.42876pt x 119.44624pt>
File: spi_master_slave.png Graphic file (type png)

<use spi_master_slave.png>
Package pdftex.def Info: spi_master_slave.png used on input line 1005.
(pdftex.def)             Requested size: 329.55226pt x 102.935pt.
 [53 <./spi_master_slave.png>]
<mcp3551.png, id=1222, 825.0825pt x 426.59375pt>
File: mcp3551.png Graphic file (type png)
 <use mcp3551.png>
Package pdftex.def Info: mcp3551.png used on input line 1017.
(pdftex.def)             Requested size: 411.93877pt x 212.9839pt.

<circuit.png, id=1223, 662.475pt x 638.385pt>
File: circuit.png Graphic file (type png)
 <use circuit.png>
Package pdftex.def Info: circuit.png used on input line 1029.
(pdftex.def)             Requested size: 247.16577pt x 238.17616pt.
 [54 <./mcp3551.png>] <potentiometer.jpg, id=1233, 2315.65125pt x 2686.035pt>
File: potentiometer.jpg Graphic file (type jpg)

<use potentiometer.jpg>
Package pdftex.def Info: potentiometer.jpg used on input line 1053.
(pdftex.def)             Requested size: 164.77298pt x 191.11557pt.
 [55 <./circuit.png>]
<ozone_data_sheet.png, id=1246, 892.33376pt x 703.62875pt>
File: ozone_data_sheet.png Graphic file (type png)

<use ozone_data_sheet.png>
Package pdftex.def Info: ozone_data_sheet.png used on input line 1075.
(pdftex.def)             Requested size: 185.37119pt x 146.16666pt.

<mq135_data_sheet.jpg, id=1247, 401.5pt x 354.32375pt>
File: mq135_data_sheet.jpg Graphic file (type jpg)

<use mq135_data_sheet.jpg>
Package pdftex.def Info: mq135_data_sheet.jpg used on input line 1081.
(pdftex.def)             Requested size: 185.37119pt x 163.59102pt.
 [56 <./potentiometer.jpg>]
<images/gpio_adc_switch.jpg, id=1256, 2145.01375pt x 1829.83624pt>
File: images/gpio_adc_switch.jpg Graphic file (type jpg)

<use images/gpio_adc_switch.jpg>
Package pdftex.def Info: images/gpio_adc_switch.jpg used on input line 1097.
(pdftex.def)             Requested size: 164.77298pt x 140.5544pt.
 [57 <./ozone_data_sheet.png> <./mq135_data_sheet.jpg> <./images/gpio_adc_switc
h.jpg>]
<images/dht22_data.png, id=1263, 1000.73875pt x 130.4875pt>
File: images/dht22_data.png Graphic file (type png)

<use images/dht22_data.png>
Package pdftex.def Info: images/dht22_data.png used on input line 1116.
(pdftex.def)             Requested size: 411.93877pt x 53.71326pt.
 [58 <./images/dht22_data.png>] [59]
Chapter 5.
[60

] <images/bath_elevation_large.png, id=1293, 625.33624pt x 419.5675pt>
File: images/bath_elevation_large.png Graphic file (type png)

<use images/bath_elevation_large.png>
Package pdftex.def Info: images/bath_elevation_large.png used on input line 119
3.
(pdftex.def)             Requested size: 370.74237pt x 248.75267pt.
 [61] [62 <./images/bath_elevation_large.png>] [63] [64] <cycling_route.png, id
=1342, 551.05875pt x 319.1925pt>
File: cycling_route.png Graphic file (type png)

<use cycling_route.png>
Package pdftex.def Info: cycling_route.png used on input line 1330.
(pdftex.def)             Requested size: 288.35587pt x 167.03307pt.
 <shaded_route.png, id=1345, 1195.3458pt x 845.0772pt>
File: shaded_route.png Graphic file (type png)

<use shaded_route.png>
Package pdftex.def Info: shaded_route.png used on input line 1356.
(pdftex.def)             Requested size: 411.93877pt x 291.22957pt.
 [65] [66 <./cycling_route.png> <./shaded_route.png>]
<images/bicycle_positions.png, id=1370, 279.9258pt x 168.63pt>
File: images/bicycle_positions.png Graphic file (type png)

<use images/bicycle_positions.png>
Package pdftex.def Info: images/bicycle_positions.png used on input line 1437.
(pdftex.def)             Requested size: 247.16577pt x 148.89659pt.
 [67]
Overfull \hbox (2.84744pt too wide) in paragraph at lines 1457--1457
\OT1/cmr/bx/n/14.4 po-ral res-o-lu-tion of air qual-ity mea-sure-ments com-pare
d
 []

[68 <./images/bicycle_positions.png>]
<images/windsor_bridge.png, id=1397, 505.89pt x 291.0875pt>
File: images/windsor_bridge.png Graphic file (type png)

<use images/windsor_bridge.png>
Package pdftex.def Info: images/windsor_bridge.png used on input line 1473.
(pdftex.def)             Requested size: 185.37119pt x 106.66133pt.

<images/london_road.png, id=1398, 505.89pt x 292.09125pt>
File: images/london_road.png Graphic file (type png)

<use images/london_road.png>
Package pdftex.def Info: images/london_road.png used on input line 1478.
(pdftex.def)             Requested size: 185.37119pt x 107.02913pt.

Overfull \hbox (19.09303pt too wide) in paragraph at lines 1472--1482
[][]   [] 
 []

<images/guildhall.png, id=1399, 505.89pt x 293.095pt>
File: images/guildhall.png Graphic file (type png)

<use images/guildhall.png>
Package pdftex.def Info: images/guildhall.png used on input line 1487.
(pdftex.def)             Requested size: 185.37119pt x 107.39693pt.

<images/locus_route.png, id=1401, 503.8825pt x 292.09125pt>
File: images/locus_route.png Graphic file (type png)

<use images/locus_route.png>
Package pdftex.def Info: images/locus_route.png used on input line 1502.
(pdftex.def)             Requested size: 247.16577pt x 143.27748pt.
 [69] [70 <./images/windsor_bridge.png> <./images/london_road.png> <./images/gu
ildhall.png> <./images/locus_route.png>]
<images/bath_fc_route.png, id=1418, 505.89pt x 291.0875pt>
File: images/bath_fc_route.png Graphic file (type png)

<use images/bath_fc_route.png>
Package pdftex.def Info: images/bath_fc_route.png used on input line 1528.
(pdftex.def)             Requested size: 247.16577pt x 142.22104pt.
 [71] [72 <./images/bath_fc_route.png>] [73]
<images/network_graph.png, id=1464, 350.30875pt x 341.275pt>
File: images/network_graph.png Graphic file (type png)

<use images/network_graph.png>
Package pdftex.def Info: images/network_graph.png used on input line 1577.
(pdftex.def)             Requested size: 247.16577pt x 240.79678pt.
 [74 <./images/network_graph.png>]
<images/knn.png, id=1481, 270.7716pt x 357.9774pt>
File: images/knn.png Graphic file (type png)
 <use images/knn.png>
Package pdftex.def Info: images/knn.png used on input line 1613.
(pdftex.def)             Requested size: 164.77298pt x 217.8415pt.

[75] [76 <./images/knn.png>]
Chapter 6.
<images/pm_histogram.png, id=1501, 625.33624pt x 469.755pt>
File: images/pm_histogram.png Graphic file (type png)

<use images/pm_histogram.png>
Package pdftex.def Info: images/pm_histogram.png used on input line 1658.
(pdftex.def)             Requested size: 205.96938pt x 154.72574pt.

<images/ozone_histogram.png, id=1502, 625.33624pt x 469.755pt>
File: images/ozone_histogram.png Graphic file (type png)

<use images/ozone_histogram.png>
Package pdftex.def Info: images/ozone_histogram.png used on input line 1663.
(pdftex.def)             Requested size: 205.96938pt x 154.72574pt.

Overfull \hbox (2.43332pt too wide) in paragraph at lines 1657--1667
[][] [] 
 []

<images/mq135_histogram.png, id=1503, 625.33624pt x 469.755pt>
File: images/mq135_histogram.png Graphic file (type png)

<use images/mq135_histogram.png>
Package pdftex.def Info: images/mq135_histogram.png used on input line 1670.
(pdftex.def)             Requested size: 205.96938pt x 154.72574pt.

<images/temp_histogram.png, id=1504, 625.33624pt x 469.755pt>
File: images/temp_histogram.png Graphic file (type png)

<use images/temp_histogram.png>
Package pdftex.def Info: images/temp_histogram.png used on input line 1675.
(pdftex.def)             Requested size: 205.96938pt x 154.72574pt.

Overfull \hbox (2.43332pt too wide) in paragraph at lines 1669--1679
[][] [] 
 []

<images/humidity_histogram.png, id=1505, 625.33624pt x 469.755pt>
File: images/humidity_histogram.png Graphic file (type png)

<use images/humidity_histogram.png>
Package pdftex.def Info: images/humidity_histogram.png used on input line 1683.

(pdftex.def)             Requested size: 205.96938pt x 154.72574pt.
 [77

] [78 <./images/pm_histogram.png> <./images/ozone_histogram.png> <./images/mq13
5_histogram.png> <./images/temp_histogram.png> <./images/humidity_histogram.png
>]
<images/pm_boxplot.png, id=1526, 625.33624pt x 469.755pt>
File: images/pm_boxplot.png Graphic file (type png)

<use images/pm_boxplot.png>
Package pdftex.def Info: images/pm_boxplot.png used on input line 1705.
(pdftex.def)             Requested size: 205.96938pt x 154.72574pt.

<images/ozone_boxplot.png, id=1527, 625.33624pt x 469.755pt>
File: images/ozone_boxplot.png Graphic file (type png)

<use images/ozone_boxplot.png>
Package pdftex.def Info: images/ozone_boxplot.png used on input line 1710.
(pdftex.def)             Requested size: 205.96938pt x 154.72574pt.

Overfull \hbox (2.43332pt too wide) in paragraph at lines 1704--1714
[][] [] 
 []

<images/mq135_boxplot.png, id=1528, 625.33624pt x 469.755pt>
File: images/mq135_boxplot.png Graphic file (type png)

<use images/mq135_boxplot.png>
Package pdftex.def Info: images/mq135_boxplot.png used on input line 1717.
(pdftex.def)             Requested size: 205.96938pt x 154.72574pt.

<images/temp_boxplot.png, id=1529, 625.33624pt x 469.755pt>
File: images/temp_boxplot.png Graphic file (type png)

<use images/temp_boxplot.png>
Package pdftex.def Info: images/temp_boxplot.png used on input line 1722.
(pdftex.def)             Requested size: 205.96938pt x 154.72574pt.

Overfull \hbox (2.43332pt too wide) in paragraph at lines 1716--1726
[][] [] 
 []

<images/humidity_boxplot.png, id=1530, 625.33624pt x 469.755pt>
File: images/humidity_boxplot.png Graphic file (type png)

<use images/humidity_boxplot.png>
Package pdftex.def Info: images/humidity_boxplot.png used on input line 1730.
(pdftex.def)             Requested size: 205.96938pt x 154.72574pt.

Overfull \hbox (5.475pt too wide) detected at line 1758
 
 []


Overfull \hbox (5.475pt too wide) detected at line 1777
 
 []

[79]

LaTeX Warning: Text page 80 contains only floats.

[80 <./images/pm_boxplot.png> <./images/ozone_boxplot.png> <./images/mq135_boxp
lot.png> <./images/temp_boxplot.png> <./images/humidity_boxplot.png>]
<images/wave_longitudes.png, id=1555, 625.33624pt x 469.755pt>
File: images/wave_longitudes.png Graphic file (type png)

<use images/wave_longitudes.png>
Package pdftex.def Info: images/wave_longitudes.png used on input line 1797.
(pdftex.def)             Requested size: 205.96938pt x 154.72574pt.

<images/wave_latitudes.png, id=1556, 625.33624pt x 469.755pt>
File: images/wave_latitudes.png Graphic file (type png)

<use images/wave_latitudes.png>
Package pdftex.def Info: images/wave_latitudes.png used on input line 1802.
(pdftex.def)             Requested size: 205.96938pt x 154.72574pt.

Overfull \hbox (2.43332pt too wide) in paragraph at lines 1796--1806
[][] [] 
 []


Overfull \hbox (2.84744pt too wide) in paragraph at lines 1831--1831
\OT1/cmr/bx/n/14.4 po-ral res-o-lu-tion of air qual-ity mea-sure-ments com-pare
d
 []

[81 <./images/wave_longitudes.png> <./images/wave_latitudes.png>]
<images/coverage.png, id=1563, 625.33624pt x 469.755pt>
File: images/coverage.png Graphic file (type png)

<use images/coverage.png>
Package pdftex.def Info: images/coverage.png used on input line 1857.
(pdftex.def)             Requested size: 288.35587pt x 216.62035pt.
 [82]
<images/health_optimal_route_min.png, id=1579, 405.515pt x 362.35374pt>
File: images/health_optimal_route_min.png Graphic file (type png)

<use images/health_optimal_route_min.png>
Package pdftex.def Info: images/health_optimal_route_min.png used on input line
 1878.
(pdftex.def)             Requested size: 205.96938pt x 184.05153pt.

<images/health_optimal_route_median.png, id=1580, 405.515pt x 362.35374pt>
File: images/health_optimal_route_median.png Graphic file (type png)

<use images/health_optimal_route_median.png>
Package pdftex.def Info: images/health_optimal_route_median.png used on input l
ine 1883.
(pdftex.def)             Requested size: 205.96938pt x 184.05153pt.

Overfull \hbox (2.43332pt too wide) in paragraph at lines 1877--1887
[][] [] 
 []

<images/health_optimal_route_max.png, id=1581, 405.515pt x 362.35374pt>
File: images/health_optimal_route_max.png Graphic file (type png)

<use images/health_optimal_route_max.png>
Package pdftex.def Info: images/health_optimal_route_max.png used on input line
 1891.
(pdftex.def)             Requested size: 205.96938pt x 184.05153pt.

<images/pollution_reductions.png, id=1582, 393.47pt x 266.9975pt>
File: images/pollution_reductions.png Graphic file (type png)

<use images/pollution_reductions.png>
Package pdftex.def Info: images/pollution_reductions.png used on input line 192
0.
(pdftex.def)             Requested size: 205.96938pt x 139.7643pt.

<images/length_increases.png, id=1583, 393.47pt x 266.9975pt>
File: images/length_increases.png Graphic file (type png)

<use images/length_increases.png>
Package pdftex.def Info: images/length_increases.png used on input line 1925.
(pdftex.def)             Requested size: 205.96938pt x 139.7643pt.

Overfull \hbox (2.43332pt too wide) in paragraph at lines 1919--1929
[][] [] 
 []

[83 <./images/coverage.png>] [84 <./images/health_optimal_route_min.png> <./ima
ges/health_optimal_route_median.png> <./images/health_optimal_route_max.png>]
[85 <./images/pollution_reductions.png> <./images/length_increases.png>]
Chapter 7.

Overfull \hbox (2.84744pt too wide) in paragraph at lines 1952--1952
\OT1/cmr/bx/n/14.4 po-ral res-o-lu-tion of air qual-ity mea-sure-ments com-pare
d
 []

[86

] [87]
Chapter 8.
LaTeX Font Info:    Try loading font information for OMS+cmr on input line 2017
.
(/usr/local/texlive/2017/texmf-dist/tex/latex/base/omscmr.fd
File: omscmr.fd 2014/09/29 v2.5h Standard LaTeX font definitions
)
LaTeX Font Info:    Font shape `OMS/cmr/m/n' in size <10.95> not available
(Font)              Font shape `OMS/cmsy/m/n' tried instead on input line 2017.

 [88

] [89]
(./research_project_proposal_ej301.bbl [90


] [91] [92]
Underfull \hbox (badness 3407) in paragraph at lines 340--347
[]\OT1/cmr/m/n/10.95 European En-vi-ron-ment Agency, 2018.  \OT1/cmr/m/it/10.95
 Eu-ro-pean Air Qual-ity In-dex: cur-
 []


Underfull \hbox (badness 3250) in paragraph at lines 340--347
\OT1/cmr/m/n/10.95 mark: EEA.  Avail-able from: [][]$\OT1/cmtt/m/n/10.95 https 
: / / www . eea . europa . eu / highlights /
 []

[93] [94] [95]
Missing character: There is no  in font cmr10!
 [96] [97]) [98]
Appendix A.
[99

]
Appendix B.
Package hyperref Info: bookmark level for unknown lstlisting defaults to 0 on i
nput line 2044.
(./route_api.php [100

] [101] [102]) [103]
Appendix C.
[104

]
Package atveryend Info: Empty hook `BeforeClearDocument' on input line 2072.
Package atveryend Info: Empty hook `AfterLastShipout' on input line 2072.
 (./research_project_proposal_ej301.aux)
Package atveryend Info: Executing hook `AtVeryEndDocument' on input line 2072.
Package atveryend Info: Executing hook `AtEndAfterFileList' on input line 2072.

Package rerunfilecheck Info: File `research_project_proposal_ej301.out' has not
 changed.
(rerunfilecheck)             Checksum: 5453D88236F6B32FB36E8BD3C4761B27;3796.


LaTeX Warning: There were multiply-defined labels.

Package atveryend Info: Empty hook `AtVeryVeryEnd' on input line 2072.
 ) 
Here is how much of TeX's memory you used:
 38470 strings out of 492995
 836994 string characters out of 6132705
 1106394 words of memory out of 5000000
 40960 multiletter control sequences out of 15000+600000
 19507 words of font info for 75 fonts, out of 8000000 for 9000
 1141 hyphenation exceptions out of 8191
 62i,14n,65p,10382b,2054s stack positions out of 5000i,500n,10000p,200000b,80000s
{/usr/local/texlive/2017/texmf-dist/fonts/enc/dvips/cm-super/cm-super-ts1.enc
}</usr/local/texlive/2017/texmf-dist/fonts/type1/public/amsfonts/cm/cmbx10.pfb>
</usr/local/texlive/2017/texmf-dist/fonts/type1/public/amsfonts/cm/cmbx12.pfb><
/usr/local/texlive/2017/texmf-dist/fonts/type1/public/amsfonts/cm/cmex10.pfb></
usr/local/texlive/2017/texmf-dist/fonts/type1/public/amsfonts/cm/cmmi10.pfb></u
sr/local/texlive/2017/texmf-dist/fonts/type1/public/amsfonts/cm/cmmi6.pfb></usr
/local/texlive/2017/texmf-dist/fonts/type1/public/amsfonts/cm/cmmi7.pfb></usr/l
ocal/texlive/2017/texmf-dist/fonts/type1/public/amsfonts/cm/cmmi8.pfb></usr/loc
al/texlive/2017/texmf-dist/fonts/type1/public/amsfonts/cm/cmr10.pfb></usr/local
/texlive/2017/texmf-dist/fonts/type1/public/amsfonts/cm/cmr12.pfb></usr/local/t
exlive/2017/texmf-dist/fonts/type1/public/amsfonts/cm/cmr17.pfb></usr/local/tex
live/2017/texmf-dist/fonts/type1/public/amsfonts/cm/cmr6.pfb></usr/local/texliv
e/2017/texmf-dist/fonts/type1/public/amsfonts/cm/cmr7.pfb></usr/local/texlive/2
017/texmf-dist/fonts/type1/public/amsfonts/cm/cmr8.pfb></usr/local/texlive/2017
/texmf-dist/fonts/type1/public/amsfonts/cm/cmr9.pfb></usr/local/texlive/2017/te
xmf-dist/fonts/type1/public/amsfonts/cm/cmsy10.pfb></usr/local/texlive/2017/tex
mf-dist/fonts/type1/public/amsfonts/cm/cmsy8.pfb></usr/local/texlive/2017/texmf
-dist/fonts/type1/public/amsfonts/cm/cmti10.pfb></usr/local/texlive/2017/texmf-
dist/fonts/type1/public/amsfonts/cm/cmtt10.pfb></usr/local/texlive/2017/texmf-d
ist/fonts/type1/public/amsfonts/cm/cmtt9.pfb></usr/local/texlive/2017/texmf-dis
t/fonts/type1/public/amsfonts/cm/cmu10.pfb></usr/local/texlive/2017/texmf-dist/
fonts/type1/public/amsfonts/symbols/msam10.pfb></usr/local/texlive/2017/texmf-d
ist/fonts/type1/public/cm-super/sfrm1095.pfb>
Output written on research_project_proposal_ej301.pdf (106 pages, 12375122 byte
s).
PDF statistics:
 1999 PDF objects out of 2073 (max. 8388607)
 1748 compressed objects within 18 object streams
 520 named destinations out of 1000 (max. 500000)
 660 words of extra memory for PDF output out of 10000 (max. 10000000)

