\BOOKMARK [0][-]{chapter.1}{Introduction}{}% 1
\BOOKMARK [0][-]{chapter.2}{Related work}{}% 2
\BOOKMARK [1][-]{section.2.1}{Air pollution}{chapter.2}% 3
\BOOKMARK [1][-]{section.2.2}{Measures of air quality}{chapter.2}% 4
\BOOKMARK [1][-]{section.2.3}{Monitoring urban air quality}{chapter.2}% 5
\BOOKMARK [1][-]{section.2.4}{Comparison of single-board computers}{chapter.2}% 6
\BOOKMARK [1][-]{section.2.5}{Power}{chapter.2}% 7
\BOOKMARK [1][-]{section.2.6}{Use of low-cost sensors}{chapter.2}% 8
\BOOKMARK [1][-]{section.2.7}{Mapping air pollution}{chapter.2}% 9
\BOOKMARK [1][-]{section.2.8}{Health-optimal route planning}{chapter.2}% 10
\BOOKMARK [1][-]{section.2.9}{Data quality monitoring}{chapter.2}% 11
\BOOKMARK [1][-]{section.2.10}{Summary}{chapter.2}% 12
\BOOKMARK [0][-]{chapter.3}{System design and implementation}{}% 13
\BOOKMARK [1][-]{section.3.1}{Physical device}{chapter.3}% 14
\BOOKMARK [1][-]{section.3.2}{Software}{chapter.3}% 15
\BOOKMARK [0][-]{chapter.4}{Output conversion and calibration}{}% 16
\BOOKMARK [1][-]{section.4.1}{Particulate sensor}{chapter.4}% 17
\BOOKMARK [1][-]{section.4.2}{Ozone sensor}{chapter.4}% 18
\BOOKMARK [1][-]{section.4.3}{General air quality sensor}{chapter.4}% 19
\BOOKMARK [1][-]{section.4.4}{Temperature and humidity sensor}{chapter.4}% 20
\BOOKMARK [1][-]{section.4.5}{Limitations}{chapter.4}% 21
\BOOKMARK [0][-]{chapter.5}{Monitoring air pollution in Bath}{}% 22
\BOOKMARK [1][-]{section.5.1}{Methodology}{chapter.5}% 23
\BOOKMARK [1][-]{section.5.2}{Results}{chapter.5}% 24
\BOOKMARK [1][-]{section.5.3}{Discussion}{chapter.5}% 25
\BOOKMARK [0][-]{chapter.6}{Improving spatial \046 temporal resolution}{}% 26
\BOOKMARK [1][-]{section.6.1}{Methodology}{chapter.6}% 27
\BOOKMARK [1][-]{section.6.2}{Results}{chapter.6}% 28
\BOOKMARK [1][-]{section.6.3}{Discussion}{chapter.6}% 29
\BOOKMARK [0][-]{chapter.7}{Pollution-avoidance routing application}{}% 30
\BOOKMARK [1][-]{section.7.1}{Methodology}{chapter.7}% 31
\BOOKMARK [1][-]{section.7.2}{Results}{chapter.7}% 32
\BOOKMARK [1][-]{section.7.3}{Discussion}{chapter.7}% 33
\BOOKMARK [0][-]{chapter.8}{Conclusion}{}% 34
\BOOKMARK [1][-]{section.8.1}{Conclusions}{chapter.8}% 35
\BOOKMARK [1][-]{section.8.2}{Limitations}{chapter.8}% 36
\BOOKMARK [1][-]{section.8.3}{Future work}{chapter.8}% 37
\BOOKMARK [1][-]{section.8.4}{Additional application post-project completion}{chapter.8}% 38
\BOOKMARK [0][-]{figure.caption.80}{Bibliography}{}% 39
\BOOKMARK [0][-]{chapter*.81}{Appendix}{}% 40
\BOOKMARK [0][-]{appendix.A}{Installation instructions}{}% 41
\BOOKMARK [1][-]{section.A.1}{GPS}{appendix.A}% 42
\BOOKMARK [1][-]{section.A.2}{NTP}{appendix.A}% 43
\BOOKMARK [1][-]{section.A.3}{Wi-Fi configuration file}{appendix.A}% 44
\BOOKMARK [0][-]{appendix.B}{Outliers}{}% 45
\BOOKMARK [0][-]{appendix.C}{Code}{}% 46
\BOOKMARK [1][-]{section.C.1}{Main RPi program}{appendix.C}% 47
\BOOKMARK [1][-]{section.C.2}{PHP API}{appendix.C}% 48
\BOOKMARK [1][-]{section.C.3}{Web application using R Shiny}{appendix.C}% 49
\BOOKMARK [0][-]{appendix.D}{Data analysis code}{}% 50
\BOOKMARK [1][-]{section.D.1}{Data structuring}{appendix.D}% 51
\BOOKMARK [1][-]{section.D.2}{Learning}{appendix.D}% 52
